<?xml version="1.0" encoding="UTF-8"?>
<!-- Generated by org.testng.reporters.JUnitReportReporter -->
<testsuite hostname="HYDPCM539478L" failures="0" tests="3" name="com.testCases.DataProvider01" time="2.527" errors="0" timestamp="06 May 2022 07:09:13 GMT" skipped="0">
  <testcase classname="com.testCases.DataProvider01" name="test" time="0.476"/>
  <testcase classname="com.testCases.DataProvider01" name="test" time="1.566"/>
  <testcase classname="com.testCases.DataProvider01" name="test" time="0.485"/>
</testsuite> <!-- com.testCases.DataProvider01 -->
